<?xml version="1.0" encoding="UTF-8"?>
<!-- Generated by org.testng.reporters.JUnitXMLReporter -->
<testsuite ignored="0" hostname="DESKTOP-VEMJ6VN" failures="1" tests="3" name="Test" time="108.897" errors="0" timestamp="2024-10-09T15:27:02 IST">
  <testcase classname="Rahullshetty.FrameWork.ecommerce_hybrid3" name="fillform" time="34.727"/>
  <testcase classname="Rahullshetty.FrameWork.ecommerce_hybrid3" name="fillform" time="27.492"/>
  <testcase classname="Rahullshetty.FrameWork.testdata.errortest" name="fillformerror" time="14.713">
    <failure type="java.lang.AssertionError" message="expected [Pleas  enter your ] but found [Please enter your name]">
      <![CDATA[java.lang.AssertionError: expected [Pleas  enter your ] but found [Please enter your name]
at Rahullshetty.FrameWork.testdata.errortest.fillformerror(errortest.java:23)
at java.base/java.util.ArrayList.forEach(ArrayList.java:1511)
... Removed 37 stack frames]]>
    </failure>
  </testcase> <!-- fillformerror -->
</testsuite> <!-- Test -->
