<?xml version="1.0" encoding="UTF-8"?>
<!-- Generated by org.testng.reporters.JUnitXMLReporter -->
<testsuite ignored="1" hostname="DESKTOP-VEMJ6VN" failures="1" tests="1" name="Test" time="88.703" errors="0" timestamp="2024-10-09T10:54:15 IST">
  <testcase classname="Rahullshetty.FrameWork.testdata.errortest" name="fillformerror" time="25.442">
    <failure type="java.lang.AssertionError" message="expected [Pleas  enter your ] but found [Please enter your name]">
      <![CDATA[java.lang.AssertionError: expected [Pleas  enter your ] but found [Please enter your name]
at Rahullshetty.FrameWork.testdata.errortest.fillformerror(errortest.java:23)
at java.base/java.util.ArrayList.forEach(ArrayList.java:1511)
... Removed 33 stack frames]]>
    </failure>
  </testcase> <!-- fillformerror -->
  <testcase classname="Rahullshetty.FrameWork.ecommerce_hybrid3" name="fillform" time="0.0">
    <ignored/>
  </testcase> <!-- fillform -->
</testsuite> <!-- Test -->
